[2019-07-31 18:36:35] Log opened
[2019-07-31 18:40:26] Log opened
[2019-07-31 18:44:03] Loaded world info for the overworld
[2019-07-31 18:44:10] Unloaded world info for the overworld
[2019-07-31 18:46:34] Log opened
[2019-07-31 18:55:34] Log opened
[2019-07-31 18:58:09] Loaded world info for the overworld
[2019-07-31 18:58:32] Unloaded world info for the overworld
[2019-07-31 19:02:19] Log opened
[2019-07-31 19:20:35] Log opened
[2019-07-31 19:23:19] Loaded world info for the overworld
[2019-07-31 19:24:07] Unloaded world info for the overworld
[2019-07-31 19:28:39] Log opened
[2019-07-31 19:31:27] Loaded world info for the overworld
[2019-07-31 19:32:06] Unloaded world info for the overworld
[2019-07-31 21:18:13] Log opened
[2019-07-31 21:23:37] Loaded world info for the overworld
[2019-07-31 21:23:42] Unloaded world info for the overworld
[2019-07-31 21:28:10] Log opened
[2019-07-31 21:32:18] Loaded world info for the overworld
[2019-07-31 21:33:02] Loaded world info for world DIM_MYST-2147483648
[2019-07-31 21:33:10] Unloaded world info for the overworld
[2019-07-31 21:33:12] Unloaded world info for world DIM_MYST-2147483648
[2019-07-31 21:40:19] Log opened
[2019-07-31 21:51:28] Log opened
[2019-07-31 22:13:58] Loaded world info for the overworld
[2019-07-31 22:15:01] Loaded world info for world DIM_MYST-2147483648
[2019-07-31 22:23:09] Unloaded world info for the overworld
[2019-07-31 22:23:16] Unloaded world info for world DIM_MYST-2147483648
